2025-06-12 12:36:11,703 [INFO] Starting hyperparameter optimization at 20250612_123611
2025-06-12 12:36:11,703 [INFO] Log directory: /workspace/mlr/lgbm/logs/optuna_20250612_123611
2025-06-12 12:36:11,704 [INFO] Starting hyperparameter optimization...
2025-06-12 12:36:11,706 [INFO] Training on fold 1
2025-06-12 12:36:11,706 [INFO] Loading data from Fold1...
2025-06-12 12:37:00,812 [INFO] Data loaded: 723412 training examples, 235259 validation examples
2025-06-12 12:37:00,812 [INFO] Number of training queries: 6000
2025-06-12 12:37:00,812 [INFO] Number of validation queries: 2000
2025-06-12 12:37:08,222 [INFO] Fold 1 NDCG@10: 0.4997
2025-06-12 12:37:08,223 [INFO] Training on fold 2
2025-06-12 12:37:08,223 [INFO] Loading data from Fold2...
2025-06-12 12:37:57,256 [INFO] Data loaded: 716683 training examples, 241521 validation examples
2025-06-12 12:37:57,257 [INFO] Number of training queries: 6000
2025-06-12 12:37:57,257 [INFO] Number of validation queries: 2000
2025-06-12 12:38:05,905 [INFO] Fold 2 NDCG@10: 0.4957
2025-06-12 12:38:05,906 [INFO] Training on fold 3
2025-06-12 12:38:05,906 [INFO] Loading data from Fold3...
2025-06-12 12:38:56,248 [INFO] Data loaded: 719111 training examples, 241988 validation examples
2025-06-12 12:38:56,248 [INFO] Number of training queries: 6000
2025-06-12 12:38:56,248 [INFO] Number of validation queries: 2000
2025-06-12 12:39:04,446 [INFO] Fold 3 NDCG@10: 0.4965
2025-06-12 12:39:04,446 [INFO] Training on fold 4
2025-06-12 12:39:04,446 [INFO] Loading data from Fold4...
2025-06-12 12:39:53,809 [INFO] Data loaded: 718768 training examples, 239093 validation examples
2025-06-12 12:39:53,809 [INFO] Number of training queries: 6000
2025-06-12 12:39:53,809 [INFO] Number of validation queries: 2000
2025-06-12 12:39:59,817 [INFO] Fold 4 NDCG@10: 0.4834
2025-06-12 12:39:59,817 [INFO] Training on fold 5
2025-06-12 12:39:59,817 [INFO] Loading data from Fold5...
2025-06-12 12:40:49,706 [INFO] Data loaded: 722602 training examples, 242331 validation examples
2025-06-12 12:40:49,706 [INFO] Number of training queries: 6000
2025-06-12 12:40:49,706 [INFO] Number of validation queries: 2000
2025-06-12 12:40:57,441 [INFO] Fold 5 NDCG@10: 0.5006
2025-06-12 12:40:57,441 [INFO] Average NDCG@10: 0.4952
2025-06-12 12:40:57,519 [INFO] Training on fold 1
2025-06-12 12:40:57,519 [INFO] Loading data from Fold1...
2025-06-12 12:41:47,062 [INFO] Data loaded: 723412 training examples, 235259 validation examples
2025-06-12 12:41:47,062 [INFO] Number of training queries: 6000
2025-06-12 12:41:47,062 [INFO] Number of validation queries: 2000
2025-06-12 12:41:56,584 [INFO] Fold 1 NDCG@10: 0.5061
2025-06-12 12:41:56,584 [INFO] Training on fold 2
2025-06-12 12:41:56,584 [INFO] Loading data from Fold2...
2025-06-12 12:42:46,600 [INFO] Data loaded: 716683 training examples, 241521 validation examples
2025-06-12 12:42:46,600 [INFO] Number of training queries: 6000
2025-06-12 12:42:46,600 [INFO] Number of validation queries: 2000
2025-06-12 12:42:55,454 [INFO] Fold 2 NDCG@10: 0.4989
2025-06-12 12:42:55,455 [INFO] Training on fold 3
2025-06-12 12:42:55,455 [INFO] Loading data from Fold3...
2025-06-12 12:43:45,370 [INFO] Data loaded: 719111 training examples, 241988 validation examples
2025-06-12 12:43:45,370 [INFO] Number of training queries: 6000
2025-06-12 12:43:45,370 [INFO] Number of validation queries: 2000
2025-06-12 12:43:56,580 [INFO] Fold 3 NDCG@10: 0.4990
2025-06-12 12:43:56,580 [INFO] Training on fold 4
2025-06-12 12:43:56,580 [INFO] Loading data from Fold4...
2025-06-12 12:44:47,675 [INFO] Data loaded: 718768 training examples, 239093 validation examples
2025-06-12 12:44:47,675 [INFO] Number of training queries: 6000
2025-06-12 12:44:47,675 [INFO] Number of validation queries: 2000
2025-06-12 12:44:55,039 [INFO] Fold 4 NDCG@10: 0.4856
2025-06-12 12:44:55,039 [INFO] Training on fold 5
2025-06-12 12:44:55,039 [INFO] Loading data from Fold5...
2025-06-12 12:45:46,016 [INFO] Data loaded: 722602 training examples, 242331 validation examples
2025-06-12 12:45:46,016 [INFO] Number of training queries: 6000
2025-06-12 12:45:46,016 [INFO] Number of validation queries: 2000
2025-06-12 12:51:05,305 [INFO] Fold 5 NDCG@10: 0.5064
2025-06-12 12:51:05,306 [INFO] Average NDCG@10: 0.4992
2025-06-12 12:51:05,389 [INFO] Training on fold 1
2025-06-12 12:51:05,389 [INFO] Loading data from Fold1...
2025-06-12 12:52:09,979 [INFO] Data loaded: 723412 training examples, 235259 validation examples
2025-06-12 12:52:09,980 [INFO] Number of training queries: 6000
2025-06-12 12:52:09,980 [INFO] Number of validation queries: 2000
2025-06-12 13:01:53,203 [INFO] Fold 1 NDCG@10: 0.4973
2025-06-12 13:01:53,203 [INFO] Training on fold 2
2025-06-12 13:01:53,203 [INFO] Loading data from Fold2...
2025-06-12 13:02:43,774 [INFO] Data loaded: 716683 training examples, 241521 validation examples
2025-06-12 13:02:43,774 [INFO] Number of training queries: 6000
2025-06-12 13:02:43,774 [INFO] Number of validation queries: 2000
2025-06-12 13:03:01,189 [INFO] Fold 2 NDCG@10: 0.5006
2025-06-12 13:03:01,189 [INFO] Training on fold 3
2025-06-12 13:03:01,189 [INFO] Loading data from Fold3...
2025-06-12 13:03:52,202 [INFO] Data loaded: 719111 training examples, 241988 validation examples
2025-06-12 13:03:52,202 [INFO] Number of training queries: 6000
2025-06-12 13:03:52,202 [INFO] Number of validation queries: 2000
2025-06-12 13:04:06,439 [INFO] Fold 3 NDCG@10: 0.4947
2025-06-12 13:04:06,439 [INFO] Training on fold 4
2025-06-12 13:04:06,439 [INFO] Loading data from Fold4...
2025-06-12 13:04:55,776 [INFO] Data loaded: 718768 training examples, 239093 validation examples
2025-06-12 13:04:55,776 [INFO] Number of training queries: 6000
2025-06-12 13:04:55,776 [INFO] Number of validation queries: 2000
2025-06-12 13:05:17,768 [INFO] Fold 4 NDCG@10: 0.4952
2025-06-12 13:05:17,768 [INFO] Training on fold 5
2025-06-12 13:05:17,768 [INFO] Loading data from Fold5...
2025-06-12 13:06:07,389 [INFO] Data loaded: 722602 training examples, 242331 validation examples
2025-06-12 13:06:07,390 [INFO] Number of training queries: 6000
2025-06-12 13:06:07,390 [INFO] Number of validation queries: 2000
2025-06-12 13:06:33,498 [INFO] Fold 5 NDCG@10: 0.5095
2025-06-12 13:06:33,498 [INFO] Average NDCG@10: 0.4994
2025-06-12 13:06:33,573 [INFO] Training on fold 1
2025-06-12 13:06:33,573 [INFO] Loading data from Fold1...
2025-06-12 13:07:23,618 [INFO] Data loaded: 723412 training examples, 235259 validation examples
2025-06-12 13:07:23,618 [INFO] Number of training queries: 6000
2025-06-12 13:07:23,618 [INFO] Number of validation queries: 2000
2025-06-12 13:07:39,356 [INFO] Fold 1 NDCG@10: 0.5092
2025-06-12 13:07:39,356 [INFO] Training on fold 2
2025-06-12 13:07:39,356 [INFO] Loading data from Fold2...
2025-06-12 13:08:29,077 [INFO] Data loaded: 716683 training examples, 241521 validation examples
2025-06-12 13:08:29,077 [INFO] Number of training queries: 6000
2025-06-12 13:08:29,077 [INFO] Number of validation queries: 2000
2025-06-12 13:08:47,600 [INFO] Fold 2 NDCG@10: 0.5049
2025-06-12 13:08:47,601 [INFO] Training on fold 3
2025-06-12 13:08:47,601 [INFO] Loading data from Fold3...
2025-06-12 13:09:37,395 [INFO] Data loaded: 719111 training examples, 241988 validation examples
2025-06-12 13:09:37,395 [INFO] Number of training queries: 6000
2025-06-12 13:09:37,395 [INFO] Number of validation queries: 2000
2025-06-12 13:09:52,070 [INFO] Fold 3 NDCG@10: 0.5006
2025-06-12 13:09:52,071 [INFO] Training on fold 4
2025-06-12 13:09:52,071 [INFO] Loading data from Fold4...
2025-06-12 13:10:42,571 [INFO] Data loaded: 718768 training examples, 239093 validation examples
2025-06-12 13:10:42,571 [INFO] Number of training queries: 6000
2025-06-12 13:10:42,571 [INFO] Number of validation queries: 2000
2025-06-12 13:10:58,096 [INFO] Fold 4 NDCG@10: 0.4938
2025-06-12 13:10:58,096 [INFO] Training on fold 5
2025-06-12 13:10:58,096 [INFO] Loading data from Fold5...
2025-06-12 13:11:48,680 [INFO] Data loaded: 722602 training examples, 242331 validation examples
2025-06-12 13:11:48,680 [INFO] Number of training queries: 6000
2025-06-12 13:11:48,680 [INFO] Number of validation queries: 2000
2025-06-12 13:12:03,407 [INFO] Fold 5 NDCG@10: 0.5069
2025-06-12 13:12:03,408 [INFO] Average NDCG@10: 0.5031
2025-06-12 13:12:03,487 [INFO] Training on fold 1
2025-06-12 13:12:03,487 [INFO] Loading data from Fold1...
2025-06-12 13:12:53,822 [INFO] Data loaded: 723412 training examples, 235259 validation examples
2025-06-12 13:12:53,822 [INFO] Number of training queries: 6000
2025-06-12 13:12:53,822 [INFO] Number of validation queries: 2000
2025-06-12 13:13:23,951 [INFO] Fold 1 NDCG@10: 0.5104
2025-06-12 13:13:23,951 [INFO] Training on fold 2
2025-06-12 13:13:23,951 [INFO] Loading data from Fold2...
2025-06-12 13:14:13,447 [INFO] Data loaded: 716683 training examples, 241521 validation examples
2025-06-12 13:14:13,448 [INFO] Number of training queries: 6000
2025-06-12 13:14:13,448 [INFO] Number of validation queries: 2000
2025-06-12 13:14:36,035 [INFO] Fold 2 NDCG@10: 0.5012
2025-06-12 13:14:36,036 [INFO] Training on fold 3
2025-06-12 13:14:36,036 [INFO] Loading data from Fold3...
2025-06-12 13:15:26,055 [INFO] Data loaded: 719111 training examples, 241988 validation examples
2025-06-12 13:15:26,055 [INFO] Number of training queries: 6000
2025-06-12 13:15:26,055 [INFO] Number of validation queries: 2000
2025-06-12 13:15:53,006 [INFO] Fold 3 NDCG@10: 0.5020
2025-06-12 13:15:53,006 [INFO] Training on fold 4
2025-06-12 13:15:53,006 [INFO] Loading data from Fold4...
2025-06-12 13:16:42,808 [INFO] Data loaded: 718768 training examples, 239093 validation examples
2025-06-12 13:16:42,808 [INFO] Number of training queries: 6000
2025-06-12 13:16:42,808 [INFO] Number of validation queries: 2000
2025-06-12 13:17:01,850 [INFO] Fold 4 NDCG@10: 0.4885
2025-06-12 13:17:01,850 [INFO] Training on fold 5
2025-06-12 13:17:01,850 [INFO] Loading data from Fold5...
2025-06-12 13:17:52,471 [INFO] Data loaded: 722602 training examples, 242331 validation examples
2025-06-12 13:17:52,471 [INFO] Number of training queries: 6000
2025-06-12 13:17:52,471 [INFO] Number of validation queries: 2000
2025-06-12 13:18:28,666 [INFO] Fold 5 NDCG@10: 0.5074
2025-06-12 13:18:28,666 [INFO] Average NDCG@10: 0.5019
2025-06-12 13:18:28,745 [INFO] Training on fold 1
2025-06-12 13:18:28,745 [INFO] Loading data from Fold1...
2025-06-12 13:19:19,543 [INFO] Data loaded: 723412 training examples, 235259 validation examples
2025-06-12 13:19:19,543 [INFO] Number of training queries: 6000
2025-06-12 13:19:19,543 [INFO] Number of validation queries: 2000
2025-06-12 13:19:36,155 [INFO] Fold 1 NDCG@10: 0.5116
2025-06-12 13:19:36,155 [INFO] Training on fold 2
2025-06-12 13:19:36,155 [INFO] Loading data from Fold2...
2025-06-12 13:20:26,558 [INFO] Data loaded: 716683 training examples, 241521 validation examples
2025-06-12 13:20:26,558 [INFO] Number of training queries: 6000
2025-06-12 13:20:26,558 [INFO] Number of validation queries: 2000
2025-06-12 13:20:43,158 [INFO] Fold 2 NDCG@10: 0.5045
2025-06-12 13:20:43,159 [INFO] Training on fold 3
2025-06-12 13:20:43,159 [INFO] Loading data from Fold3...
2025-06-12 13:21:34,222 [INFO] Data loaded: 719111 training examples, 241988 validation examples
2025-06-12 13:21:34,222 [INFO] Number of training queries: 6000
2025-06-12 13:21:34,222 [INFO] Number of validation queries: 2000
2025-06-12 13:21:51,806 [INFO] Fold 3 NDCG@10: 0.5028
2025-06-12 13:21:51,806 [INFO] Training on fold 4
2025-06-12 13:21:51,806 [INFO] Loading data from Fold4...
2025-06-12 13:22:41,887 [INFO] Data loaded: 718768 training examples, 239093 validation examples
2025-06-12 13:22:41,887 [INFO] Number of training queries: 6000
2025-06-12 13:22:41,887 [INFO] Number of validation queries: 2000
2025-06-12 13:22:52,969 [INFO] Fold 4 NDCG@10: 0.4901
2025-06-12 13:22:52,969 [INFO] Training on fold 5
2025-06-12 13:22:52,969 [INFO] Loading data from Fold5...
2025-06-12 13:23:43,764 [INFO] Data loaded: 722602 training examples, 242331 validation examples
2025-06-12 13:23:43,764 [INFO] Number of training queries: 6000
2025-06-12 13:23:43,764 [INFO] Number of validation queries: 2000
2025-06-12 13:23:59,203 [INFO] Fold 5 NDCG@10: 0.5083
2025-06-12 13:23:59,203 [INFO] Average NDCG@10: 0.5035
2025-06-12 13:23:59,280 [INFO] Training on fold 1
2025-06-12 13:23:59,280 [INFO] Loading data from Fold1...
2025-06-12 13:24:49,739 [INFO] Data loaded: 723412 training examples, 235259 validation examples
2025-06-12 13:24:49,739 [INFO] Number of training queries: 6000
2025-06-12 13:24:49,739 [INFO] Number of validation queries: 2000
2025-06-12 13:24:56,779 [INFO] Fold 1 NDCG@10: 0.5035
2025-06-12 13:24:56,779 [INFO] Training on fold 2
2025-06-12 13:24:56,779 [INFO] Loading data from Fold2...
2025-06-12 13:25:46,609 [INFO] Data loaded: 716683 training examples, 241521 validation examples
2025-06-12 13:25:46,609 [INFO] Number of training queries: 6000
2025-06-12 13:25:46,609 [INFO] Number of validation queries: 2000
2025-06-12 13:25:52,377 [INFO] Fold 2 NDCG@10: 0.4963
2025-06-12 13:25:52,378 [INFO] Training on fold 3
2025-06-12 13:25:52,378 [INFO] Loading data from Fold3...
2025-06-12 13:26:42,895 [INFO] Data loaded: 719111 training examples, 241988 validation examples
2025-06-12 13:26:42,895 [INFO] Number of training queries: 6000
2025-06-12 13:26:42,895 [INFO] Number of validation queries: 2000
2025-06-12 13:26:48,669 [INFO] Fold 3 NDCG@10: 0.4930
2025-06-12 13:26:48,669 [INFO] Training on fold 4
2025-06-12 13:26:48,669 [INFO] Loading data from Fold4...
2025-06-12 13:27:39,235 [INFO] Data loaded: 718768 training examples, 239093 validation examples
2025-06-12 13:27:39,235 [INFO] Number of training queries: 6000
2025-06-12 13:27:39,235 [INFO] Number of validation queries: 2000
2025-06-12 13:27:45,262 [INFO] Fold 4 NDCG@10: 0.4895
2025-06-12 13:27:45,263 [INFO] Training on fold 5
2025-06-12 13:27:45,263 [INFO] Loading data from Fold5...
2025-06-12 13:28:35,283 [INFO] Data loaded: 722602 training examples, 242331 validation examples
2025-06-12 13:28:35,283 [INFO] Number of training queries: 6000
2025-06-12 13:28:35,283 [INFO] Number of validation queries: 2000
2025-06-12 13:28:41,846 [INFO] Fold 5 NDCG@10: 0.5008
2025-06-12 13:28:41,846 [INFO] Average NDCG@10: 0.4966
2025-06-12 13:28:41,922 [INFO] Training on fold 1
2025-06-12 13:28:41,922 [INFO] Loading data from Fold1...
2025-06-12 13:29:32,242 [INFO] Data loaded: 723412 training examples, 235259 validation examples
2025-06-12 13:29:32,242 [INFO] Number of training queries: 6000
2025-06-12 13:29:32,242 [INFO] Number of validation queries: 2000
2025-06-12 13:29:37,235 [INFO] Fold 1 NDCG@10: 0.5015
2025-06-12 13:29:37,236 [INFO] Training on fold 2
2025-06-12 13:29:37,236 [INFO] Loading data from Fold2...
2025-06-12 13:30:27,663 [INFO] Data loaded: 716683 training examples, 241521 validation examples
2025-06-12 13:30:27,663 [INFO] Number of training queries: 6000
2025-06-12 13:30:27,663 [INFO] Number of validation queries: 2000
2025-06-12 13:30:33,955 [INFO] Fold 2 NDCG@10: 0.4991
2025-06-12 13:30:33,955 [INFO] Training on fold 3
2025-06-12 13:30:33,955 [INFO] Loading data from Fold3...
2025-06-12 13:31:23,905 [INFO] Data loaded: 719111 training examples, 241988 validation examples
2025-06-12 13:31:23,905 [INFO] Number of training queries: 6000
2025-06-12 13:31:23,905 [INFO] Number of validation queries: 2000
2025-06-12 13:31:29,300 [INFO] Fold 3 NDCG@10: 0.4914
2025-06-12 13:31:29,301 [INFO] Training on fold 4
2025-06-12 13:31:29,301 [INFO] Loading data from Fold4...
2025-06-12 13:32:19,715 [INFO] Data loaded: 718768 training examples, 239093 validation examples
2025-06-12 13:32:19,715 [INFO] Number of training queries: 6000
2025-06-12 13:32:19,715 [INFO] Number of validation queries: 2000
2025-06-12 13:32:24,906 [INFO] Fold 4 NDCG@10: 0.4868
2025-06-12 13:32:24,906 [INFO] Training on fold 5
2025-06-12 13:32:24,906 [INFO] Loading data from Fold5...
2025-06-12 13:33:16,075 [INFO] Data loaded: 722602 training examples, 242331 validation examples
2025-06-12 13:33:16,076 [INFO] Number of training queries: 6000
2025-06-12 13:33:16,076 [INFO] Number of validation queries: 2000
2025-06-12 13:33:22,330 [INFO] Fold 5 NDCG@10: 0.5018
2025-06-12 13:33:22,330 [INFO] Average NDCG@10: 0.4961
2025-06-12 13:33:22,410 [INFO] Training on fold 1
2025-06-12 13:33:22,410 [INFO] Loading data from Fold1...
2025-06-12 13:34:12,145 [INFO] Data loaded: 723412 training examples, 235259 validation examples
2025-06-12 13:34:12,145 [INFO] Number of training queries: 6000
2025-06-12 13:34:12,145 [INFO] Number of validation queries: 2000
2025-06-12 13:34:25,308 [INFO] Fold 1 NDCG@10: 0.5030
2025-06-12 13:34:25,309 [INFO] Training on fold 2
2025-06-12 13:34:25,309 [INFO] Loading data from Fold2...
2025-06-12 13:35:14,620 [INFO] Data loaded: 716683 training examples, 241521 validation examples
2025-06-12 13:35:14,620 [INFO] Number of training queries: 6000
2025-06-12 13:35:14,620 [INFO] Number of validation queries: 2000
2025-06-12 13:35:22,519 [INFO] Fold 2 NDCG@10: 0.4855
2025-06-12 13:35:22,520 [INFO] Training on fold 3
2025-06-12 13:35:22,520 [INFO] Loading data from Fold3...
2025-06-12 13:36:12,149 [INFO] Data loaded: 719111 training examples, 241988 validation examples
2025-06-12 13:36:12,149 [INFO] Number of training queries: 6000
2025-06-12 13:36:12,149 [INFO] Number of validation queries: 2000
2025-06-12 13:36:31,195 [INFO] Fold 3 NDCG@10: 0.4999
2025-06-12 13:36:31,195 [INFO] Training on fold 4
2025-06-12 13:36:31,195 [INFO] Loading data from Fold4...
2025-06-12 13:37:20,219 [INFO] Data loaded: 718768 training examples, 239093 validation examples
2025-06-12 13:37:20,219 [INFO] Number of training queries: 6000
2025-06-12 13:37:20,219 [INFO] Number of validation queries: 2000
2025-06-12 13:37:33,954 [INFO] Fold 4 NDCG@10: 0.4897
2025-06-12 13:37:33,954 [INFO] Training on fold 5
2025-06-12 13:37:33,955 [INFO] Loading data from Fold5...
2025-06-12 13:38:24,756 [INFO] Data loaded: 722602 training examples, 242331 validation examples
2025-06-12 13:38:24,756 [INFO] Number of training queries: 6000
2025-06-12 13:38:24,757 [INFO] Number of validation queries: 2000
2025-06-12 13:38:41,224 [INFO] Fold 5 NDCG@10: 0.5038
2025-06-12 13:38:41,224 [INFO] Average NDCG@10: 0.4964
2025-06-12 13:38:41,302 [INFO] Training on fold 1
2025-06-12 13:38:41,302 [INFO] Loading data from Fold1...
2025-06-12 13:39:31,799 [INFO] Data loaded: 723412 training examples, 235259 validation examples
2025-06-12 13:39:31,799 [INFO] Number of training queries: 6000
2025-06-12 13:39:31,799 [INFO] Number of validation queries: 2000
2025-06-12 13:39:47,762 [INFO] Fold 1 NDCG@10: 0.5101
2025-06-12 13:39:47,762 [INFO] Training on fold 2
2025-06-12 13:39:47,762 [INFO] Loading data from Fold2...
2025-06-12 13:40:37,378 [INFO] Data loaded: 716683 training examples, 241521 validation examples
2025-06-12 13:40:37,378 [INFO] Number of training queries: 6000
2025-06-12 13:40:37,379 [INFO] Number of validation queries: 2000
2025-06-12 13:41:02,656 [INFO] Fold 2 NDCG@10: 0.5079
2025-06-12 13:41:02,656 [INFO] Training on fold 3
2025-06-12 13:41:02,656 [INFO] Loading data from Fold3...
