2025-06-12 12:45:53,476 [INFO] Starting 100 iterations training at 20250612_124553
2025-06-12 12:45:53,476 [INFO] Log directory: /workspace/mlr/lgbm/logs/training_20250612_124553
2025-06-12 12:45:53,476 [INFO] Tensorboard directory: /workspace/mlr/lgbm/logs/training_20250612_124553/tensorboard
2025-06-12 12:45:53,497 [INFO] TensorBoard writer initialized
2025-06-12 12:45:53,497 [INFO] Fixed hyperparameters:
2025-06-12 12:45:53,497 [INFO]   objective: lambdarank
2025-06-12 12:45:53,497 [INFO]   metric: ndcg
2025-06-12 12:45:53,497 [INFO]   ndcg_eval_at: [3, 5, 10]
2025-06-12 12:45:53,498 [INFO]   boosting_type: gbdt
2025-06-12 12:45:53,498 [INFO]   num_leaves: 64
2025-06-12 12:45:53,498 [INFO]   learning_rate: 0.1
2025-06-12 12:45:53,498 [INFO]   feature_fraction: 0.8
2025-06-12 12:45:53,498 [INFO]   bagging_fraction: 0.8
2025-06-12 12:45:53,498 [INFO]   bagging_freq: 1
2025-06-12 12:45:53,498 [INFO]   min_child_samples: 20
2025-06-12 12:45:53,498 [INFO]   reg_alpha: 0.0
2025-06-12 12:45:53,498 [INFO]   reg_lambda: 1.0
2025-06-12 12:45:53,498 [INFO]   max_depth: 7
2025-06-12 12:45:53,498 [INFO]   verbosity: -1
2025-06-12 12:45:53,498 [INFO]   num_threads: -1
2025-06-12 12:45:53,498 [INFO] Starting 100 iterations training...
2025-06-12 12:45:53,498 [INFO] Using folds: [1, 2, 3]
2025-06-12 12:45:53,498 [INFO] Iteration 1/100 - Training on fold 1 (seed: 42)
2025-06-12 12:45:53,498 [INFO] Loading data from Fold1...
2025-06-12 12:47:14,248 [INFO] Data loaded: 723412 train, 235259 val, 241521 test examples
2025-06-12 12:47:14,249 [INFO] Queries: 6000 train, 2000 val, 2000 test
2025-06-12 12:53:47,993 [INFO] Fold 1 - Val NDCG@10: 0.5072, Best iteration: 92
2025-06-12 12:53:47,993 [INFO] Iteration 1/100 - Training on fold 2 (seed: 42)
2025-06-12 12:53:47,993 [INFO] Loading data from Fold2...
2025-06-12 12:55:08,002 [INFO] Data loaded: 716683 train, 241521 val, 241988 test examples
2025-06-12 12:55:08,002 [INFO] Queries: 6000 train, 2000 val, 2000 test
