2025-06-13 02:18:10,482 [INFO] Starting 100 iterations training at 20250613_021810
2025-06-13 02:18:10,483 [INFO] Log directory: /workspace/mlr/lgbm/logs/training_20250613_021810
2025-06-13 02:18:10,483 [INFO] Tensorboard directory: /workspace/mlr/lgbm/logs/training_20250613_021810/tensorboard
2025-06-13 02:18:10,484 [INFO] TensorBoard writer initialized
2025-06-13 02:18:10,484 [INFO] Fixed hyperparameters:
2025-06-13 02:18:10,484 [INFO]   objective: lambdarank
2025-06-13 02:18:10,484 [INFO]   metric: ndcg
2025-06-13 02:18:10,484 [INFO]   ndcg_eval_at: [3, 5, 10]
2025-06-13 02:18:10,484 [INFO]   boosting_type: gbdt
2025-06-13 02:18:10,484 [INFO]   num_leaves: 239
2025-06-13 02:18:10,484 [INFO]   learning_rate: 0.038054395619039415
2025-06-13 02:18:10,484 [INFO]   feature_fraction: 0.6223597094305492
2025-06-13 02:18:10,484 [INFO]   bagging_fraction: 0.902323321146222
2025-06-13 02:18:10,484 [INFO]   bagging_freq: 1
2025-06-13 02:18:10,484 [INFO]   min_child_samples: 62
2025-06-13 02:18:10,484 [INFO]   reg_alpha: 0.0
2025-06-13 02:18:10,484 [INFO]   reg_lambda: 1.5006291342706868
2025-06-13 02:18:10,484 [INFO]   max_depth: 12
2025-06-13 02:18:10,484 [INFO]   verbosity: -1
2025-06-13 02:18:10,484 [INFO]   num_threads: -1
2025-06-13 02:18:10,484 [INFO] Starting 100 iterations training...
2025-06-13 02:18:10,485 [INFO] Using folds: [1, 2, 3]
2025-06-13 02:18:10,485 [INFO] Iteration 1/100 - Training on fold 1 (seed: 42)
2025-06-13 02:18:10,485 [INFO] Loading data from Fold1...
2025-06-13 02:19:12,584 [INFO] Data loaded: 723412 train, 235259 val, 241521 test examples
2025-06-13 02:19:12,584 [INFO] Queries: 6000 train, 2000 val, 2000 test
2025-06-13 02:19:38,810 [INFO] Fold 1 - Val NDCG@10: 0.5145, Best iteration: 245
2025-06-13 02:19:38,810 [INFO] Iteration 1/100 - Training on fold 2 (seed: 42)
2025-06-13 02:19:38,810 [INFO] Loading data from Fold2...
2025-06-13 02:20:39,925 [INFO] Data loaded: 716683 train, 241521 val, 241988 test examples
2025-06-13 02:20:39,925 [INFO] Queries: 6000 train, 2000 val, 2000 test
2025-06-13 02:21:03,406 [INFO] Fold 2 - Val NDCG@10: 0.5105, Best iteration: 206
2025-06-13 02:21:03,407 [INFO] Iteration 1/100 - Training on fold 3 (seed: 42)
2025-06-13 02:21:03,407 [INFO] Loading data from Fold3...
2025-06-13 02:22:04,463 [INFO] Data loaded: 719111 train, 241988 val, 239093 test examples
2025-06-13 02:22:04,463 [INFO] Queries: 6000 train, 2000 val, 2000 test
2025-06-13 02:22:34,303 [INFO] Fold 3 - Val NDCG@10: 0.5069, Best iteration: 290
2025-06-13 02:22:34,303 [INFO] Iteration 1 - Average NDCG@10: 0.5106 ± 0.0031
2025-06-13 02:22:34,398 [INFO] Iteration 2/100 - Training on fold 1 (seed: 43)
2025-06-13 02:22:34,398 [INFO] Loading data from Fold1...
2025-06-13 02:23:35,298 [INFO] Data loaded: 723412 train, 235259 val, 241521 test examples
2025-06-13 02:23:35,298 [INFO] Queries: 6000 train, 2000 val, 2000 test
2025-06-13 02:23:58,091 [INFO] Fold 1 - Val NDCG@10: 0.5141, Best iteration: 201
2025-06-13 02:23:58,092 [INFO] Iteration 2/100 - Training on fold 2 (seed: 43)
2025-06-13 02:23:58,092 [INFO] Loading data from Fold2...
2025-06-13 02:24:59,796 [INFO] Data loaded: 716683 train, 241521 val, 241988 test examples
2025-06-13 02:24:59,796 [INFO] Queries: 6000 train, 2000 val, 2000 test
2025-06-13 02:25:23,513 [INFO] Fold 2 - Val NDCG@10: 0.5090, Best iteration: 209
2025-06-13 02:25:23,514 [INFO] Iteration 2/100 - Training on fold 3 (seed: 43)
2025-06-13 02:25:23,514 [INFO] Loading data from Fold3...
2025-06-13 02:26:25,741 [INFO] Data loaded: 719111 train, 241988 val, 239093 test examples
2025-06-13 02:26:25,741 [INFO] Queries: 6000 train, 2000 val, 2000 test
2025-06-13 02:26:48,193 [INFO] Fold 3 - Val NDCG@10: 0.5046, Best iteration: 192
2025-06-13 02:26:48,194 [INFO] Iteration 2 - Average NDCG@10: 0.5092 ± 0.0039
2025-06-13 02:26:48,282 [INFO] Iteration 3/100 - Training on fold 1 (seed: 44)
2025-06-13 02:26:48,283 [INFO] Loading data from Fold1...
2025-06-13 02:27:49,816 [INFO] Data loaded: 723412 train, 235259 val, 241521 test examples
2025-06-13 02:27:49,816 [INFO] Queries: 6000 train, 2000 val, 2000 test
2025-06-13 02:28:06,924 [INFO] Fold 1 - Val NDCG@10: 0.5122, Best iteration: 128
2025-06-13 02:28:06,925 [INFO] Iteration 3/100 - Training on fold 2 (seed: 44)
2025-06-13 02:28:06,925 [INFO] Loading data from Fold2...
2025-06-13 02:29:08,082 [INFO] Data loaded: 716683 train, 241521 val, 241988 test examples
2025-06-13 02:29:08,082 [INFO] Queries: 6000 train, 2000 val, 2000 test
2025-06-13 02:29:28,087 [INFO] Fold 2 - Val NDCG@10: 0.5086, Best iteration: 163
2025-06-13 02:29:28,087 [INFO] Iteration 3/100 - Training on fold 3 (seed: 44)
2025-06-13 02:29:28,088 [INFO] Loading data from Fold3...
2025-06-13 02:30:29,361 [INFO] Data loaded: 719111 train, 241988 val, 239093 test examples
2025-06-13 02:30:29,361 [INFO] Queries: 6000 train, 2000 val, 2000 test
2025-06-13 02:30:55,880 [INFO] Fold 3 - Val NDCG@10: 0.5049, Best iteration: 210
2025-06-13 02:30:55,880 [INFO] Iteration 3 - Average NDCG@10: 0.5086 ± 0.0030
2025-06-13 02:30:55,968 [INFO] Iteration 4/100 - Training on fold 1 (seed: 45)
2025-06-13 02:30:55,968 [INFO] Loading data from Fold1...
2025-06-13 02:31:57,816 [INFO] Data loaded: 723412 train, 235259 val, 241521 test examples
2025-06-13 02:31:57,816 [INFO] Queries: 6000 train, 2000 val, 2000 test
2025-06-13 02:32:23,827 [INFO] Fold 1 - Val NDCG@10: 0.5162, Best iteration: 245
2025-06-13 02:32:23,828 [INFO] Iteration 4/100 - Training on fold 2 (seed: 45)
2025-06-13 02:32:23,828 [INFO] Loading data from Fold2...
2025-06-13 02:33:24,802 [INFO] Data loaded: 716683 train, 241521 val, 241988 test examples
2025-06-13 02:33:24,802 [INFO] Queries: 6000 train, 2000 val, 2000 test
2025-06-13 02:33:52,931 [INFO] Fold 2 - Val NDCG@10: 0.5122, Best iteration: 263
2025-06-13 02:33:52,932 [INFO] Iteration 4/100 - Training on fold 3 (seed: 45)
2025-06-13 02:33:52,932 [INFO] Loading data from Fold3...
2025-06-13 02:34:54,815 [INFO] Data loaded: 719111 train, 241988 val, 239093 test examples
2025-06-13 02:34:54,815 [INFO] Queries: 6000 train, 2000 val, 2000 test
2025-06-13 02:35:21,718 [INFO] Fold 3 - Val NDCG@10: 0.5052, Best iteration: 250
2025-06-13 02:35:21,719 [INFO] Iteration 4 - Average NDCG@10: 0.5112 ± 0.0045
2025-06-13 02:35:21,811 [INFO] Iteration 5/100 - Training on fold 1 (seed: 46)
2025-06-13 02:35:21,811 [INFO] Loading data from Fold1...
2025-06-13 02:36:22,994 [INFO] Data loaded: 723412 train, 235259 val, 241521 test examples
2025-06-13 02:36:22,995 [INFO] Queries: 6000 train, 2000 val, 2000 test
2025-06-13 02:36:47,168 [INFO] Fold 1 - Val NDCG@10: 0.5147, Best iteration: 214
2025-06-13 02:36:47,169 [INFO] Iteration 5/100 - Training on fold 2 (seed: 46)
2025-06-13 02:36:47,169 [INFO] Loading data from Fold2...
2025-06-13 02:37:48,274 [INFO] Data loaded: 716683 train, 241521 val, 241988 test examples
2025-06-13 02:37:48,274 [INFO] Queries: 6000 train, 2000 val, 2000 test
2025-06-13 02:38:14,949 [INFO] Fold 2 - Val NDCG@10: 0.5099, Best iteration: 249
2025-06-13 02:38:14,949 [INFO] Iteration 5/100 - Training on fold 3 (seed: 46)
2025-06-13 02:38:14,950 [INFO] Loading data from Fold3...
2025-06-13 02:39:16,648 [INFO] Data loaded: 719111 train, 241988 val, 239093 test examples
2025-06-13 02:39:16,648 [INFO] Queries: 6000 train, 2000 val, 2000 test
2025-06-13 02:39:40,792 [INFO] Fold 3 - Val NDCG@10: 0.5061, Best iteration: 215
2025-06-13 02:39:40,792 [INFO] Iteration 5 - Average NDCG@10: 0.5102 ± 0.0035
2025-06-13 02:39:40,884 [INFO] Iteration 6/100 - Training on fold 1 (seed: 47)
2025-06-13 02:39:40,884 [INFO] Loading data from Fold1...
2025-06-13 02:40:42,370 [INFO] Data loaded: 723412 train, 235259 val, 241521 test examples
2025-06-13 02:40:42,370 [INFO] Queries: 6000 train, 2000 val, 2000 test
2025-06-13 02:41:06,068 [INFO] Fold 1 - Val NDCG@10: 0.5148, Best iteration: 212
2025-06-13 02:41:06,068 [INFO] Iteration 6/100 - Training on fold 2 (seed: 47)
2025-06-13 02:41:06,068 [INFO] Loading data from Fold2...
2025-06-13 02:42:07,717 [INFO] Data loaded: 716683 train, 241521 val, 241988 test examples
2025-06-13 02:42:07,717 [INFO] Queries: 6000 train, 2000 val, 2000 test
2025-06-13 02:42:23,491 [INFO] Fold 2 - Val NDCG@10: 0.5042, Best iteration: 111
2025-06-13 02:42:23,492 [INFO] Iteration 6/100 - Training on fold 3 (seed: 47)
2025-06-13 02:42:23,492 [INFO] Loading data from Fold3...
2025-06-13 02:43:25,126 [INFO] Data loaded: 719111 train, 241988 val, 239093 test examples
2025-06-13 02:43:25,126 [INFO] Queries: 6000 train, 2000 val, 2000 test
2025-06-13 02:43:50,032 [INFO] Fold 3 - Val NDCG@10: 0.5075, Best iteration: 228
2025-06-13 02:43:50,033 [INFO] Iteration 6 - Average NDCG@10: 0.5088 ± 0.0044
2025-06-13 02:43:50,122 [INFO] Iteration 7/100 - Training on fold 1 (seed: 48)
2025-06-13 02:43:50,122 [INFO] Loading data from Fold1...
2025-06-13 02:44:51,399 [INFO] Data loaded: 723412 train, 235259 val, 241521 test examples
2025-06-13 02:44:51,399 [INFO] Queries: 6000 train, 2000 val, 2000 test
2025-06-13 02:45:15,827 [INFO] Fold 1 - Val NDCG@10: 0.5131, Best iteration: 217
2025-06-13 02:45:15,828 [INFO] Iteration 7/100 - Training on fold 2 (seed: 48)
2025-06-13 02:45:15,828 [INFO] Loading data from Fold2...
2025-06-13 02:46:17,235 [INFO] Data loaded: 716683 train, 241521 val, 241988 test examples
2025-06-13 02:46:17,235 [INFO] Queries: 6000 train, 2000 val, 2000 test
2025-06-13 02:46:40,214 [INFO] Fold 2 - Val NDCG@10: 0.5122, Best iteration: 200
2025-06-13 02:46:40,215 [INFO] Iteration 7/100 - Training on fold 3 (seed: 48)
2025-06-13 02:46:40,215 [INFO] Loading data from Fold3...
2025-06-13 02:47:42,140 [INFO] Data loaded: 719111 train, 241988 val, 239093 test examples
2025-06-13 02:47:42,140 [INFO] Queries: 6000 train, 2000 val, 2000 test
2025-06-13 02:48:04,427 [INFO] Fold 3 - Val NDCG@10: 0.5059, Best iteration: 186
2025-06-13 02:48:04,428 [INFO] Iteration 7 - Average NDCG@10: 0.5104 ± 0.0032
2025-06-13 02:48:04,521 [INFO] Iteration 8/100 - Training on fold 1 (seed: 49)
2025-06-13 02:48:04,521 [INFO] Loading data from Fold1...
2025-06-13 02:49:07,303 [INFO] Data loaded: 723412 train, 235259 val, 241521 test examples
2025-06-13 02:49:07,303 [INFO] Queries: 6000 train, 2000 val, 2000 test
2025-06-13 02:49:26,897 [INFO] Fold 1 - Val NDCG@10: 0.5138, Best iteration: 157
2025-06-13 02:49:26,898 [INFO] Iteration 8/100 - Training on fold 2 (seed: 49)
2025-06-13 02:49:26,898 [INFO] Loading data from Fold2...
2025-06-13 02:50:28,448 [INFO] Data loaded: 716683 train, 241521 val, 241988 test examples
2025-06-13 02:50:28,448 [INFO] Queries: 6000 train, 2000 val, 2000 test
2025-06-13 02:50:52,625 [INFO] Fold 2 - Val NDCG@10: 0.5090, Best iteration: 205
2025-06-13 02:50:52,625 [INFO] Iteration 8/100 - Training on fold 3 (seed: 49)
2025-06-13 02:50:52,625 [INFO] Loading data from Fold3...
2025-06-13 02:51:54,061 [INFO] Data loaded: 719111 train, 241988 val, 239093 test examples
2025-06-13 02:51:54,061 [INFO] Queries: 6000 train, 2000 val, 2000 test
2025-06-13 02:52:17,829 [INFO] Fold 3 - Val NDCG@10: 0.5051, Best iteration: 209
2025-06-13 02:52:17,829 [INFO] Iteration 8 - Average NDCG@10: 0.5093 ± 0.0036
2025-06-13 02:52:17,922 [INFO] Iteration 9/100 - Training on fold 1 (seed: 50)
2025-06-13 02:52:17,922 [INFO] Loading data from Fold1...
2025-06-13 02:53:19,630 [INFO] Data loaded: 723412 train, 235259 val, 241521 test examples
2025-06-13 02:53:19,630 [INFO] Queries: 6000 train, 2000 val, 2000 test
2025-06-13 02:53:46,000 [INFO] Fold 1 - Val NDCG@10: 0.5130, Best iteration: 250
2025-06-13 02:53:46,000 [INFO] Iteration 9/100 - Training on fold 2 (seed: 50)
2025-06-13 02:53:46,000 [INFO] Loading data from Fold2...
2025-06-13 02:54:47,595 [INFO] Data loaded: 716683 train, 241521 val, 241988 test examples
2025-06-13 02:54:47,595 [INFO] Queries: 6000 train, 2000 val, 2000 test
2025-06-13 02:55:11,961 [INFO] Fold 2 - Val NDCG@10: 0.5114, Best iteration: 217
2025-06-13 02:55:11,962 [INFO] Iteration 9/100 - Training on fold 3 (seed: 50)
2025-06-13 02:55:11,962 [INFO] Loading data from Fold3...
2025-06-13 02:56:12,876 [INFO] Data loaded: 719111 train, 241988 val, 239093 test examples
2025-06-13 02:56:12,876 [INFO] Queries: 6000 train, 2000 val, 2000 test
2025-06-13 02:56:34,950 [INFO] Fold 3 - Val NDCG@10: 0.5058, Best iteration: 185
2025-06-13 02:56:34,951 [INFO] Iteration 9 - Average NDCG@10: 0.5101 ± 0.0031
2025-06-13 02:56:35,039 [INFO] Iteration 10/100 - Training on fold 1 (seed: 51)
2025-06-13 02:56:35,039 [INFO] Loading data from Fold1...
2025-06-13 02:57:36,589 [INFO] Data loaded: 723412 train, 235259 val, 241521 test examples
2025-06-13 02:57:36,589 [INFO] Queries: 6000 train, 2000 val, 2000 test
2025-06-13 02:58:05,127 [INFO] Fold 1 - Val NDCG@10: 0.5142, Best iteration: 280
2025-06-13 02:58:05,127 [INFO] Iteration 10/100 - Training on fold 2 (seed: 51)
2025-06-13 02:58:05,127 [INFO] Loading data from Fold2...
2025-06-13 02:59:07,161 [INFO] Data loaded: 716683 train, 241521 val, 241988 test examples
2025-06-13 02:59:07,161 [INFO] Queries: 6000 train, 2000 val, 2000 test
2025-06-13 02:59:26,892 [INFO] Fold 2 - Val NDCG@10: 0.5092, Best iteration: 156
2025-06-13 02:59:26,892 [INFO] Iteration 10/100 - Training on fold 3 (seed: 51)
2025-06-13 02:59:26,893 [INFO] Loading data from Fold3...
2025-06-13 03:00:28,339 [INFO] Data loaded: 719111 train, 241988 val, 239093 test examples
2025-06-13 03:00:28,339 [INFO] Queries: 6000 train, 2000 val, 2000 test
2025-06-13 03:00:59,996 [INFO] Fold 3 - Val NDCG@10: 0.5105, Best iteration: 314
2025-06-13 03:00:59,996 [INFO] Iteration 10 - Average NDCG@10: 0.5113 ± 0.0021
2025-06-13 03:01:00,089 [INFO] Progress: 10/100 - Current average: 0.5100 ± 0.0009
2025-06-13 03:01:00,089 [INFO] Iteration 11/100 - Training on fold 1 (seed: 52)
2025-06-13 03:01:00,090 [INFO] Loading data from Fold1...
2025-06-13 03:02:01,804 [INFO] Data loaded: 723412 train, 235259 val, 241521 test examples
2025-06-13 03:02:01,804 [INFO] Queries: 6000 train, 2000 val, 2000 test
2025-06-13 03:02:29,879 [INFO] Fold 1 - Val NDCG@10: 0.5145, Best iteration: 272
2025-06-13 03:02:29,880 [INFO] Iteration 11/100 - Training on fold 2 (seed: 52)
2025-06-13 03:02:29,880 [INFO] Loading data from Fold2...
2025-06-13 03:03:31,382 [INFO] Data loaded: 716683 train, 241521 val, 241988 test examples
2025-06-13 03:03:31,382 [INFO] Queries: 6000 train, 2000 val, 2000 test
2025-06-13 03:03:53,025 [INFO] Fold 2 - Val NDCG@10: 0.5092, Best iteration: 187
2025-06-13 03:03:53,025 [INFO] Iteration 11/100 - Training on fold 3 (seed: 52)
2025-06-13 03:03:53,025 [INFO] Loading data from Fold3...
2025-06-13 03:04:54,397 [INFO] Data loaded: 719111 train, 241988 val, 239093 test examples
2025-06-13 03:04:54,397 [INFO] Queries: 6000 train, 2000 val, 2000 test
2025-06-13 03:05:12,158 [INFO] Fold 3 - Val NDCG@10: 0.5031, Best iteration: 136
2025-06-13 03:05:12,159 [INFO] Iteration 11 - Average NDCG@10: 0.5089 ± 0.0046
2025-06-13 03:05:12,249 [INFO] Iteration 12/100 - Training on fold 1 (seed: 53)
2025-06-13 03:05:12,250 [INFO] Loading data from Fold1...
2025-06-13 03:06:13,698 [INFO] Data loaded: 723412 train, 235259 val, 241521 test examples
2025-06-13 03:06:13,698 [INFO] Queries: 6000 train, 2000 val, 2000 test
2025-06-13 03:06:35,927 [INFO] Fold 1 - Val NDCG@10: 0.5138, Best iteration: 197
2025-06-13 03:06:35,927 [INFO] Iteration 12/100 - Training on fold 2 (seed: 53)
2025-06-13 03:06:35,927 [INFO] Loading data from Fold2...
2025-06-13 03:07:37,734 [INFO] Data loaded: 716683 train, 241521 val, 241988 test examples
2025-06-13 03:07:37,734 [INFO] Queries: 6000 train, 2000 val, 2000 test
2025-06-13 03:08:00,870 [INFO] Fold 2 - Val NDCG@10: 0.5089, Best iteration: 195
2025-06-13 03:08:00,870 [INFO] Iteration 12/100 - Training on fold 3 (seed: 53)
2025-06-13 03:08:00,870 [INFO] Loading data from Fold3...
