2025-06-12 12:15:58,372 [INFO] Starting hyperparameter optimization at 20250612_121558
2025-06-12 12:15:58,373 [INFO] Log directory: /workspace/mlr/lgbm/logs/optuna_20250612_121558
2025-06-12 12:15:58,373 [INFO] Starting hyperparameter optimization...
2025-06-12 12:15:58,375 [INFO] Training on fold 1
2025-06-12 12:15:58,375 [INFO] Loading data from Fold1...
2025-06-12 12:16:47,956 [INFO] Data loaded: 723412 training examples, 235259 validation examples
2025-06-12 12:16:47,956 [INFO] Number of training queries: 6000
2025-06-12 12:16:47,956 [INFO] Number of validation queries: 2000
2025-06-12 12:16:54,002 [INFO] Fold 1 NDCG@10: 0.4977
2025-06-12 12:16:54,002 [INFO] Training on fold 2
2025-06-12 12:16:54,002 [INFO] Loading data from Fold2...
2025-06-12 12:17:43,195 [INFO] Data loaded: 716683 training examples, 241521 validation examples
2025-06-12 12:17:43,195 [INFO] Number of training queries: 6000
2025-06-12 12:17:43,195 [INFO] Number of validation queries: 2000
2025-06-12 12:17:49,690 [INFO] Fold 2 NDCG@10: 0.4957
2025-06-12 12:17:49,690 [INFO] Training on fold 3
2025-06-12 12:17:49,690 [INFO] Loading data from Fold3...
2025-06-12 12:18:38,374 [INFO] Data loaded: 719111 training examples, 241988 validation examples
2025-06-12 12:18:38,374 [INFO] Number of training queries: 6000
2025-06-12 12:18:38,374 [INFO] Number of validation queries: 2000
2025-06-12 12:18:44,332 [INFO] Fold 3 NDCG@10: 0.4915
2025-06-12 12:18:44,332 [INFO] Training on fold 4
2025-06-12 12:18:44,332 [INFO] Loading data from Fold4...
2025-06-12 12:19:33,007 [INFO] Data loaded: 718768 training examples, 239093 validation examples
2025-06-12 12:19:33,007 [INFO] Number of training queries: 6000
2025-06-12 12:19:33,007 [INFO] Number of validation queries: 2000
2025-06-12 12:19:39,132 [INFO] Fold 4 NDCG@10: 0.4831
2025-06-12 12:19:39,132 [INFO] Training on fold 5
2025-06-12 12:19:39,132 [INFO] Loading data from Fold5...
2025-06-12 12:20:27,960 [INFO] Data loaded: 722602 training examples, 242331 validation examples
2025-06-12 12:20:27,960 [INFO] Number of training queries: 6000
2025-06-12 12:20:27,960 [INFO] Number of validation queries: 2000
2025-06-12 12:20:34,966 [INFO] Fold 5 NDCG@10: 0.4978
2025-06-12 12:20:34,967 [INFO] Average NDCG@10: 0.4932
2025-06-12 12:20:35,041 [INFO] Training on fold 1
2025-06-12 12:20:35,041 [INFO] Loading data from Fold1...
2025-06-12 12:21:24,030 [INFO] Data loaded: 723412 training examples, 235259 validation examples
2025-06-12 12:21:24,030 [INFO] Number of training queries: 6000
2025-06-12 12:21:24,030 [INFO] Number of validation queries: 2000
2025-06-12 12:21:56,883 [INFO] Fold 1 NDCG@10: 0.5042
2025-06-12 12:21:56,883 [INFO] Training on fold 2
2025-06-12 12:21:56,883 [INFO] Loading data from Fold2...
2025-06-12 12:22:45,259 [INFO] Data loaded: 716683 training examples, 241521 validation examples
2025-06-12 12:22:45,259 [INFO] Number of training queries: 6000
2025-06-12 12:22:45,259 [INFO] Number of validation queries: 2000
2025-06-12 12:23:25,369 [INFO] Fold 2 NDCG@10: 0.5039
2025-06-12 12:23:25,370 [INFO] Training on fold 3
2025-06-12 12:23:25,370 [INFO] Loading data from Fold3...
2025-06-12 12:24:14,176 [INFO] Data loaded: 719111 training examples, 241988 validation examples
2025-06-12 12:24:14,177 [INFO] Number of training queries: 6000
2025-06-12 12:24:14,177 [INFO] Number of validation queries: 2000
2025-06-12 12:24:56,670 [INFO] Fold 3 NDCG@10: 0.5033
2025-06-12 12:24:56,670 [INFO] Training on fold 4
2025-06-12 12:24:56,670 [INFO] Loading data from Fold4...
2025-06-12 12:25:45,628 [INFO] Data loaded: 718768 training examples, 239093 validation examples
2025-06-12 12:25:45,628 [INFO] Number of training queries: 6000
2025-06-12 12:25:45,628 [INFO] Number of validation queries: 2000
2025-06-12 12:26:19,335 [INFO] Fold 4 NDCG@10: 0.4891
2025-06-12 12:26:19,335 [INFO] Training on fold 5
2025-06-12 12:26:19,335 [INFO] Loading data from Fold5...
2025-06-12 12:27:08,894 [INFO] Data loaded: 722602 training examples, 242331 validation examples
2025-06-12 12:27:08,894 [INFO] Number of training queries: 6000
2025-06-12 12:27:08,894 [INFO] Number of validation queries: 2000
2025-06-12 12:27:48,281 [INFO] Fold 5 NDCG@10: 0.5052
2025-06-12 12:27:48,281 [INFO] Average NDCG@10: 0.5012
2025-06-12 12:27:48,358 [INFO] Training on fold 1
2025-06-12 12:27:48,358 [INFO] Loading data from Fold1...
2025-06-12 12:28:38,084 [INFO] Data loaded: 723412 training examples, 235259 validation examples
2025-06-12 12:28:38,084 [INFO] Number of training queries: 6000
2025-06-12 12:28:38,084 [INFO] Number of validation queries: 2000
2025-06-12 12:28:56,567 [INFO] Fold 1 NDCG@10: 0.5023
2025-06-12 12:28:56,568 [INFO] Training on fold 2
2025-06-12 12:28:56,568 [INFO] Loading data from Fold2...
2025-06-12 12:29:46,500 [INFO] Data loaded: 716683 training examples, 241521 validation examples
2025-06-12 12:29:46,500 [INFO] Number of training queries: 6000
2025-06-12 12:29:46,500 [INFO] Number of validation queries: 2000
2025-06-12 12:29:59,895 [INFO] Fold 2 NDCG@10: 0.4924
2025-06-12 12:29:59,895 [INFO] Training on fold 3
2025-06-12 12:29:59,895 [INFO] Loading data from Fold3...
2025-06-12 12:30:50,365 [INFO] Data loaded: 719111 training examples, 241988 validation examples
2025-06-12 12:30:50,365 [INFO] Number of training queries: 6000
2025-06-12 12:30:50,365 [INFO] Number of validation queries: 2000
2025-06-12 12:31:07,771 [INFO] Fold 3 NDCG@10: 0.4940
2025-06-12 12:31:07,771 [INFO] Training on fold 4
2025-06-12 12:31:07,771 [INFO] Loading data from Fold4...
2025-06-12 12:31:58,670 [INFO] Data loaded: 718768 training examples, 239093 validation examples
2025-06-12 12:31:58,670 [INFO] Number of training queries: 6000
2025-06-12 12:31:58,670 [INFO] Number of validation queries: 2000
2025-06-12 12:32:10,664 [INFO] Fold 4 NDCG@10: 0.4824
2025-06-12 12:32:10,665 [INFO] Training on fold 5
2025-06-12 12:32:10,665 [INFO] Loading data from Fold5...
2025-06-12 12:33:02,506 [INFO] Data loaded: 722602 training examples, 242331 validation examples
2025-06-12 12:33:02,506 [INFO] Number of training queries: 6000
2025-06-12 12:33:02,506 [INFO] Number of validation queries: 2000
2025-06-12 12:33:19,010 [INFO] Fold 5 NDCG@10: 0.4985
2025-06-12 12:33:19,010 [INFO] Average NDCG@10: 0.4939
2025-06-12 12:33:19,084 [INFO] Training on fold 1
2025-06-12 12:33:19,084 [INFO] Loading data from Fold1...
2025-06-12 12:34:09,034 [INFO] Data loaded: 723412 training examples, 235259 validation examples
2025-06-12 12:34:09,034 [INFO] Number of training queries: 6000
2025-06-12 12:34:09,034 [INFO] Number of validation queries: 2000
2025-06-12 12:34:27,954 [INFO] Fold 1 NDCG@10: 0.5104
2025-06-12 12:34:27,954 [INFO] Training on fold 2
2025-06-12 12:34:27,955 [INFO] Loading data from Fold2...
2025-06-12 12:35:17,269 [INFO] Data loaded: 716683 training examples, 241521 validation examples
2025-06-12 12:35:17,269 [INFO] Number of training queries: 6000
2025-06-12 12:35:17,269 [INFO] Number of validation queries: 2000
2025-06-12 12:35:33,487 [INFO] Fold 2 NDCG@10: 0.5052
2025-06-12 12:35:33,487 [INFO] Training on fold 3
2025-06-12 12:35:33,487 [INFO] Loading data from Fold3...
